I0801 11:02:00.721034   36221 load.go:37] Reloading schema and connectors...
I0801 11:02:00.779094   36221 control.go:84] [/emulator/myfitflow-2-service bc41] UpdateResources(): done
Schema: sources: schema/schema.gql [531B] 
Connector "default": sources: connector/default.gql [1343B] 
I0801 11:02:00.811088   36221 codegen.go:82] [connector "default" javascriptSdk] Generating sources into "/Users/zchuanqi/Developer/MyFitFlow/dataconnect-generated/js/default-connector"
I0801 11:02:00.831731   36221 collector.go:107] schema extensions wrote into "/Users/zchuanqi/Developer/MyFitFlow/dataconnect/.dataconnect/schema"
Generated sources: main/query.gql [5068B] main/mutation.gql [13655B] prelude.gql [73172B] main/implicit.gql [1776B] main/input.gql [32158B] main/relation.gql [16691B] 
I0801 11:02:00.842935   36221 collector.go:107] connector "default" javascriptSdk wrote into "/Users/zchuanqi/Developer/MyFitFlow/dataconnect-generated/js/default-connector"
Generated sources: index.d.ts [7617B] esm/index.esm.js [3225B] index.cjs.js [3762B] react/package.json [468B] react/esm/package.json [17B] react/index.cjs.js [2992B] react/esm/index.esm.js [2809B] react/README.md [43023B] esm/package.json [17B] package.json [860B] README.md [37201B] react/index.d.ts [3874B] 
I0801 11:02:00.849785   36221 installsdk.go:55] Package @firebasegen/default-connector is already installed. Skipping installation
I0801 11:02:00.849938   36221 load.go:115] Finished reloading
I0801 11:02:00.852980   36221 dev.go:95] Listening on address (HTTP + gRPC): 127.0.0.1:9399
I0801 11:02:00.853999   36221 dev.go:95] Listening on address (HTTP + gRPC): [::1]:9399
I0801 11:02:10.019354   36221 migrate.go:24] Running migration SQL:
Step 1: CREATE EXTENSION IF NOT EXISTS "uuid-ossp"
Step 2: CREATE TABLE "public"."user" ("id" uuid NOT NULL DEFAULT uuid_generate_v4(), "created_at" timestamptz NOT NULL, "display_name" text NOT NULL, "email" text NULL, "photo_url" text NULL, PRIMARY KEY ("id"))
Step 3: CREATE TABLE "public"."workout" ("id" uuid NOT NULL DEFAULT uuid_generate_v4(), "user_id" uuid NOT NULL, "completed" boolean NOT NULL, "created_at" timestamptz NOT NULL, "date" date NOT NULL, "name" text NOT NULL, "updated_at" timestamptz NOT NULL, PRIMARY KEY ("id"), CONSTRAINT "workout_user_id_fkey" FOREIGN KEY ("user_id") REFERENCES "public"."user" ("id") ON DELETE CASCADE)
Step 4: CREATE INDEX "workout_userId_idx" ON "public"."workout" ("user_id")
Step 5: CREATE TABLE "public"."exercise" ("id" uuid NOT NULL DEFAULT uuid_generate_v4(), "workout_id" uuid NOT NULL, "created_at" timestamptz NOT NULL, "name" text NOT NULL, "updated_at" timestamptz NOT NULL, "youtube_link" text NULL, PRIMARY KEY ("id"), CONSTRAINT "exercise_workout_id_fkey" FOREIGN KEY ("workout_id") REFERENCES "public"."workout" ("id") ON DELETE CASCADE)
Step 6: CREATE INDEX "exercise_workoutId_idx" ON "public"."exercise" ("workout_id")
Step 7: CREATE TABLE "public"."exercise_set" ("id" uuid NOT NULL DEFAULT uuid_generate_v4(), "exercise_id" uuid NOT NULL, "completed" boolean NOT NULL, "created_at" timestamptz NOT NULL, "measurement" text NOT NULL, "reps" integer NOT NULL, "updated_at" timestamptz NOT NULL, PRIMARY KEY ("id"), CONSTRAINT "exercise_set_exercise_id_fkey" FOREIGN KEY ("exercise_id") REFERENCES "public"."exercise" ("id") ON DELETE CASCADE)
Step 8: CREATE INDEX "exercise_set_exerciseId_idx" ON "public"."exercise_set" ("exercise_id")
I0801 11:02:10.386077   36221 control.go:84] [/emulator/myfitflow-2-service 6f64] UpdateResources(): done
Schema: sources: schema/schema.gql [531B] 
Connector "default": sources: connector/default.gql [1343B] 
